starting make on job 332662
Warning: Option '4' is not parsed by Ippl.
Warning: Option '10000' is not parsed by Ippl.
Warning: Option '0.01' is not parsed by Ippl.
Warning: Option '0.001' is not parsed by Ippl.
Warning: Option '2' is not parsed by Ippl.
Warning: Option 'mlmcSpeedup' is not parsed by Ippl.
TestFeynmanKac> Test FeynmanKac, grid = 4 N samples = 10000 delta0 = 0.01 epsilon = 0.001
TestFeynmanKac> MLMC speedup test
TestFeynmanKac>             epsilon,          Dimension,        MLMC result,          MC result,           expected,          MLMC cost,            MC cost,          max Level,               varL,
TestFeynmanKac>   0.0010000000000000,                   2,  1.0018589121848935,  1.0000718841273664,  1.0000000000000000,6558492.0000000000000000,7196623.0000000000000000,                   7,  0.1575084055768501,
TestFeynmanKac>   0.0010000000000000,                   2,  1.0001743082686589,  1.0008762855243614,  1.0000000000000000,5341618.0000000000000000,6424977.0000000000000000,                   5,  0.1689325252387484,
TestFeynmanKac>   0.0010000000000000,                   2,  0.9980730318057228,  0.9990175371768343,  1.0000000000000000,4764816.0000000000000000,5888753.0000000000000000,                   4,  0.1732393520808608,
TestFeynmanKac>   0.0010000000000000,                   2,  0.9992495406694835,  0.9979433664392670,  1.0000000000000000,5430862.0000000000000000,6954337.0000000000000000,                   6,  0.1688453889006148,
TestFeynmanKac>   0.0010000000000000,                   2,  0.9975071104958709,  0.9968478252891537,  1.0000000000000000,5043380.0000000000000000,5770960.0000000000000000,                   4,  0.1705084098384512,
TestFeynmanKac>             epsilon,          Dimension,        MLMC result,          MC result,           expected,          MLMC cost,            MC cost,          max Level,               varL,
TestFeynmanKac>   0.0010000000000000,                   3,  1.0005034823096937,  0.9989164791815852,  1.0000000000000000,17717862.0000000000000000,22769926.0000000000000000,                   6,  0.1723419808026565,
TestFeynmanKac>   0.0010000000000000,                   3,  0.9980095830282970,  0.9993654307687604,  1.0000000000000000,16311156.0000000000000000,21412218.0000000000000000,                   5,  0.1812600883278496,
TestFeynmanKac>   0.0010000000000000,                   3,  0.9984593987501534,  0.9992460761272424,  1.0000000000000000,16897653.0000000000000000,22274126.0000000000000000,                   6,  0.1681038187871551,
TestFeynmanKac>   0.0010000000000000,                   3,  0.9983575977564452,  1.0006343774115858,  1.0000000000000000,16479990.0000000000000000,21081217.0000000000000000,                   5,  0.1764372506831925,
TestFeynmanKac>   0.0010000000000000,                   3,  0.9987064575285629,  0.9984292176949868,  1.0000000000000000,17499399.0000000000000000,22590044.0000000000000000,                   6,  0.1718875288727271,
TestFeynmanKac>             epsilon,          Dimension,        MLMC result,          MC result,           expected,          MLMC cost,            MC cost,          max Level,               varL,
TestFeynmanKac>   0.0010000000000000,                   4,  1.0005251957760322,  1.0002121843968805,  1.0000000000000000,35103836.0000000000000000,47169093.0000000000000000,                   6,  0.1735061077635810,
TestFeynmanKac>   0.0010000000000000,                   4,  0.9985727564990442,  1.0005180816724260,  1.0000000000000000,27816764.0000000000000000,40910707.0000000000000000,                   5,  0.1689720695243750,
TestFeynmanKac>   0.0010000000000000,                   4,  1.0006623011405473,  0.9992633446656846,  1.0000000000000000,31495980.0000000000000000,38500344.0000000000000000,                   5,  0.1586282424405061,
TestFeynmanKac>   0.0010000000000000,                   4,  0.9996697659871513,  1.0001254635257633,  1.0000000000000000,33807124.0000000000000000,43952470.0000000000000000,                   6,  0.1630245762283906,
TestFeynmanKac>   0.0010000000000000,                   4,  1.0002984939178334,  1.0011177085308518,  1.0000000000000000,30620404.0000000000000000,39673855.0000000000000000,                   5,  0.1632018790694012,
TestFeynmanKac>             epsilon,          Dimension,        MLMC result,          MC result,           expected,          MLMC cost,            MC cost,          max Level,               varL,
TestFeynmanKac>   0.0010000000000000,                   5,  0.9977815837871303,  0.9981775632359317,  1.0000000000000000,46387080.0000000000000000,70301176.0000000000000000,                   6,  0.1524905119845131,
TestFeynmanKac>   0.0010000000000000,                   5,  1.0000513315491599,  0.9993234183665676,  1.0000000000000000,47492210.0000000000000000,71921433.0000000000000000,                   6,  0.1569613828704063,
TestFeynmanKac>   0.0010000000000000,                   5,  0.9980110915253353,  1.0000257376782267,  1.0000000000000000,43906420.0000000000000000,63542876.0000000000000000,                   5,  0.1536611382435422,
TestFeynmanKac>   0.0010000000000000,                   5,  0.9983072493343990,  1.0004700808854459,  1.0000000000000000,47026405.0000000000000000,68229073.0000000000000000,                   6,  0.1486329677911855,
TestFeynmanKac>   0.0010000000000000,                   5,  0.9987220945263044,  0.9997444342614795,  1.0000000000000000,43269370.0000000000000000,64606188.0000000000000000,                   5,  0.1587332711553230,
Timings> ---------------------------------------------
Timings>      Timing results for 1 nodes:
Timings> ---------------------------------------------
Timings> allTimer............ Wall tot =     1.1875
Timings> 
Timings> WosTimer2........... Wall max = 0.00718699
Timings>                      Wall avg = 0.00718699
Timings>                      Wall min = 0.00718699
Timings> 
Timings> MLMCTimer2.......... Wall max =  0.0278263
Timings>                      Wall avg =  0.0278263
Timings>                      Wall min =  0.0278263
Timings> 
Timings> WosTimer3........... Wall max =   0.040231
Timings>                      Wall avg =   0.040231
Timings>                      Wall min =   0.040231
Timings> 
Timings> MLMCTimer3.......... Wall max =   0.103629
Timings>                      Wall avg =   0.103629
Timings>                      Wall min =   0.103629
Timings> 
Timings> WosTimer4........... Wall max =  0.0955878
Timings>                      Wall avg =  0.0955878
Timings>                      Wall min =  0.0955878
Timings> 
Timings> MLMCTimer4.......... Wall max =   0.172957
Timings>                      Wall avg =   0.172957
Timings>                      Wall min =   0.172957
Timings> 
Timings> WosTimer5........... Wall max =   0.178338
Timings>                      Wall avg =   0.178338
Timings>                      Wall min =   0.178338
Timings> 
Timings> MLMCTimer5.......... Wall max =   0.286064
Timings>                      Wall avg =   0.286064
Timings>                      Wall min =   0.286064
Timings> 
Timings> ---------------------------------------------
Warning: Option '4' is not parsed by Ippl.
Warning: Option '10000' is not parsed by Ippl.
Warning: Option '0.01' is not parsed by Ippl.
Warning: Option '0.0005' is not parsed by Ippl.
Warning: Option '2' is not parsed by Ippl.
Warning: Option 'mlmcSpeedup' is not parsed by Ippl.
TestFeynmanKac> Test FeynmanKac, grid = 4 N samples = 10000 delta0 = 0.01 epsilon = 0.0005
TestFeynmanKac> MLMC speedup test
TestFeynmanKac>             epsilon,          Dimension,        MLMC result,          MC result,           expected,          MLMC cost,            MC cost,          max Level,               varL,
TestFeynmanKac>   0.0005000000000000,                   2,  0.9999272254811673,  0.9995979917203390,  1.0000000000000000,20674194.0000000000000000,24009398.0000000000000000,                   5,  0.1596794167380767,
TestFeynmanKac>   0.0005000000000000,                   2,  0.9997599969582469,  1.0002584597910793,  1.0000000000000000,24328556.0000000000000000,30249953.0000000000000000,                   7,  0.1632069559072019,
TestFeynmanKac>   0.0005000000000000,                   2,  0.9997091860194409,  1.0000785105047056,  1.0000000000000000,24456212.0000000000000000,31600093.0000000000000000,                   8,  0.1584708034762174,
TestFeynmanKac>   0.0005000000000000,                   2,  0.9993078107610175,  0.9995081137811082,  1.0000000000000000,22753450.0000000000000000,26872150.0000000000000000,                   6,  0.1603595146560992,
TestFeynmanKac>   0.0005000000000000,                   2,  0.9990457740482767,  0.9994501913324577,  1.0000000000000000,20914732.0000000000000000,25172737.0000000000000000,                   6,  0.1534878044623534,
TestFeynmanKac>             epsilon,          Dimension,        MLMC result,          MC result,           expected,          MLMC cost,            MC cost,          max Level,               varL,
TestFeynmanKac>   0.0005000000000000,                   3,  1.0002105572910018,  0.9993712527256706,  1.0000000000000000,76329522.0000000000000000,105890874.0000000000000000,                   7,  0.1821233278229653,
TestFeynmanKac>   0.0005000000000000,                   3,  0.9995341635592284,  0.9991671481034420,  1.0000000000000000,70822266.0000000000000000,96271694.0000000000000000,                   6,  0.1829322715047996,
TestFeynmanKac>   0.0005000000000000,                   3,  1.0002773523211490,  0.9995227088912131,  1.0000000000000000,75780492.0000000000000000,92511039.0000000000000000,                   7,  0.1593071057148103,
TestFeynmanKac>   0.0005000000000000,                   3,  0.9999002775419055,  0.9988890186314444,  1.0000000000000000,66319974.0000000000000000,92010354.0000000000000000,                   6,  0.1733370431848482,
TestFeynmanKac>   0.0005000000000000,                   3,  0.9999760357396409,  1.0001697022546723,  1.0000000000000000,78710496.0000000000000000,105318033.0000000000000000,                   7,  0.1812293555283995,
TestFeynmanKac>             epsilon,          Dimension,        MLMC result,          MC result,           expected,          MLMC cost,            MC cost,          max Level,               varL,
TestFeynmanKac>   0.0005000000000000,                   4,  0.9999988068768596,  1.0004428348203560,  1.0000000000000000,133325988.0000000000000000,183959931.0000000000000000,                   6,  0.1695895876619055,
TestFeynmanKac>   0.0005000000000000,                   4,  0.9996442552997170,  0.9998025566840357,  1.0000000000000000,129106660.0000000000000000,184442010.0000000000000000,                   6,  0.1705865601435764,
TestFeynmanKac>   0.0005000000000000,                   4,  0.9997172773969002,  1.0006927970285282,  1.0000000000000000,126528688.0000000000000000,207009716.0000000000000000,                   7,  0.1702781335687390,
TestFeynmanKac>   0.0005000000000000,                   4,  0.9995759527665442,  0.9990482866119874,  1.0000000000000000,128834640.0000000000000000,192949871.0000000000000000,                   6,  0.1776901265214557,
TestFeynmanKac>   0.0005000000000000,                   4,  1.0007242183867311,  0.9993461978546805,  1.0000000000000000,136406880.0000000000000000,208595530.0000000000000000,                   7,  0.1743158330379994,
TestFeynmanKac>             epsilon,          Dimension,        MLMC result,          MC result,           expected,          MLMC cost,            MC cost,          max Level,               varL,
TestFeynmanKac>   0.0005000000000000,                   5,  0.9994827710043135,  0.9999379257422670,  1.0000000000000000,182845015.0000000000000000,288041005.0000000000000000,                   6,  0.1565385794644204,
TestFeynmanKac>   0.0005000000000000,                   5,  1.0001804128988936,  1.0001831987247736,  1.0000000000000000,211197280.0000000000000000,323468038.0000000000000000,                   7,  0.1567624544926855,
TestFeynmanKac>   0.0005000000000000,                   5,  1.0002549620465204,  0.9989305589733293,  1.0000000000000000,201741800.0000000000000000,317864513.0000000000000000,                   7,  0.1550504143185366,
TestFeynmanKac>   0.0005000000000000,                   5,  1.0002598350930827,  1.0011644633048198,  1.0000000000000000,187557410.0000000000000000,278036002.0000000000000000,                   6,  0.1509145986979931,
TestFeynmanKac>   0.0005000000000000,                   5,  0.9993213828839602,  0.9994952555510042,  1.0000000000000000,174291290.0000000000000000,259174303.0000000000000000,                   5,  0.1586736105797916,
Timings> ---------------------------------------------
Timings>      Timing results for 1 nodes:
Timings> ---------------------------------------------
Timings> allTimer............ Wall tot =     2.6897
Timings> 
Timings> WosTimer2........... Wall max =  0.0307393
Timings>                      Wall avg =  0.0307393
Timings>                      Wall min =  0.0307393
Timings> 
Timings> MLMCTimer2.......... Wall max =  0.0612634
Timings>                      Wall avg =  0.0612634
Timings>                      Wall min =  0.0612634
Timings> 
Timings> WosTimer3........... Wall max =   0.141236
Timings>                      Wall avg =   0.141236
Timings>                      Wall min =   0.141236
Timings> 
Timings> MLMCTimer3.......... Wall max =   0.195909
Timings>                      Wall avg =   0.195909
Timings>                      Wall min =   0.195909
Timings> 
Timings> WosTimer4........... Wall max =   0.377996
Timings>                      Wall avg =   0.377996
Timings>                      Wall min =   0.377996
Timings> 
Timings> MLMCTimer4.......... Wall max =   0.446506
Timings>                      Wall avg =   0.446506
Timings>                      Wall min =   0.446506
Timings> 
Timings> WosTimer5........... Wall max =   0.635965
Timings>                      Wall avg =   0.635965
Timings>                      Wall min =   0.635965
Timings> 
Timings> MLMCTimer5.......... Wall max =   0.710275
Timings>                      Wall avg =   0.710275
Timings>                      Wall min =   0.710275
Timings> 
Timings> ---------------------------------------------
Warning: Option '4' is not parsed by Ippl.
Warning: Option '10000' is not parsed by Ippl.
Warning: Option '0.01' is not parsed by Ippl.
Warning: Option '0.00025' is not parsed by Ippl.
Warning: Option '2' is not parsed by Ippl.
Warning: Option 'mlmcSpeedup' is not parsed by Ippl.
TestFeynmanKac> Test FeynmanKac, grid = 4 N samples = 10000 delta0 = 0.01 epsilon = 0.00025
TestFeynmanKac> MLMC speedup test
TestFeynmanKac>             epsilon,          Dimension,        MLMC result,          MC result,           expected,          MLMC cost,            MC cost,          max Level,               varL,
TestFeynmanKac>   0.0002500000000000,                   2,  1.0000066001687551,  1.0001934739999889,  1.0000000000000000,98484966.0000000000000000,122292347.0000000000000000,                   8,  0.1545606549746814,
TestFeynmanKac>   0.0002500000000000,                   2,  0.9994749561503142,  1.0000109606325567,  1.0000000000000000,89033552.0000000000000000,110068569.0000000000000000,                   6,  0.1640988297247872,
TestFeynmanKac>   0.0002500000000000,                   2,  1.0003541011214059,  0.9998807279022525,  1.0000000000000000,99345914.0000000000000000,135752200.0000000000000000,                   8,  0.1687278254272998,
TestFeynmanKac>   0.0002500000000000,                   2,  1.0003150439704904,  1.0001244709659329,  1.0000000000000000,100986226.0000000000000000,131153245.0000000000000000,                   8,  0.1641661345968912,
TestFeynmanKac>   0.0002500000000000,                   2,  0.9994144728891726,  0.9998700151338675,  1.0000000000000000,86469060.0000000000000000,103683646.0000000000000000,                   6,  0.1563716260983681,
TestFeynmanKac>             epsilon,          Dimension,        MLMC result,          MC result,           expected,          MLMC cost,            MC cost,          max Level,               varL,
TestFeynmanKac>   0.0002500000000000,                   3,  1.0000202916187790,  1.0000586577507036,  1.0000000000000000,318657651.0000000000000000,449180744.0000000000000000,                   8,  0.1775550458332633,
TestFeynmanKac>   0.0002500000000000,                   3,  0.9999201251164390,  0.9998386712651365,  1.0000000000000000,302169465.0000000000000000,404241236.0000000000000000,                   7,  0.1737742793051077,
TestFeynmanKac>   0.0002500000000000,                   3,  0.9994919791745709,  0.9999446506466360,  1.0000000000000000,303149442.0000000000000000,430675160.0000000000000000,                   8,  0.1700799778481581,
TestFeynmanKac>   0.0002500000000000,                   3,  0.9999100609654415,  0.9998050681864310,  1.0000000000000000,311412528.0000000000000000,421587363.0000000000000000,                   7,  0.1802528002081541,
TestFeynmanKac>   0.0002500000000000,                   3,  0.9997940973345965,  1.0001258427395670,  1.0000000000000000,304573386.0000000000000000,471737562.0000000000000000,                   8,  0.1854972302341277,
TestFeynmanKac>             epsilon,          Dimension,        MLMC result,          MC result,           expected,          MLMC cost,            MC cost,          max Level,               varL,
TestFeynmanKac>   0.0002500000000000,                   4,  0.9998518983383782,  0.9998407980278743,  1.0000000000000000,541167980.0000000000000000,851928980.0000000000000000,                   7,  0.1765506626331244,
TestFeynmanKac>   0.0002500000000000,                   4,  0.9997910365702063,  1.0001322964348671,  1.0000000000000000,567678548.0000000000000000,889069257.0000000000000000,                   8,  0.1680636836659816,
TestFeynmanKac>   0.0002500000000000,                   4,  1.0002106137728748,  0.9998951289973367,  1.0000000000000000,531737708.0000000000000000,789042004.0000000000000000,                   7,  0.1646916143569810,
TestFeynmanKac>   0.0002500000000000,                   4,  0.9995420135080628,  0.9996588021501788,  1.0000000000000000,559152564.0000000000000000,894520153.0000000000000000,                   8,  0.1701289689198515,
TestFeynmanKac>   0.0002500000000000,                   4,  0.9997347215242205,  1.0000065382607901,  1.0000000000000000,528932180.0000000000000000,810371391.0000000000000000,                   7,  0.1680507545688113,
TestFeynmanKac>             epsilon,          Dimension,        MLMC result,          MC result,           expected,          MLMC cost,            MC cost,          max Level,               varL,
TestFeynmanKac>   0.0002500000000000,                   5,  0.9995063229178907,  0.9997614606953362,  1.0000000000000000,805330855.0000000000000000,1451271749.0000000000000000,                   8,  0.1617086505488163,
TestFeynmanKac>   0.0002500000000000,                   5,  0.9997205675860854,  0.9999817483751201,  1.0000000000000000,774248410.0000000000000000,1278473889.0000000000000000,                   7,  0.1564520871788816,
TestFeynmanKac>   0.0002500000000000,                   5,  1.0003070049025020,  0.9999209818678854,  1.0000000000000000,823670750.0000000000000000,1348813494.0000000000000000,                   8,  0.1513015633340072,
TestFeynmanKac>   0.0002500000000000,                   5,  0.9993971556668307,  1.0000893616116886,  1.0000000000000000,770731835.0000000000000000,1303560855.0000000000000000,                   7,  0.1592399125097461,
TestFeynmanKac>   0.0002500000000000,                   5,  0.9999904727211786,  0.9997947976705869,  1.0000000000000000,829890990.0000000000000000,1413466710.0000000000000000,                   8,  0.1578567153948385,
Timings> ---------------------------------------------
Timings>      Timing results for 1 nodes:
Timings> ---------------------------------------------
Timings> allTimer............ Wall tot =    9.53972
Timings> 
Timings> WosTimer2........... Wall max =   0.114327
Timings>                      Wall avg =   0.114327
Timings>                      Wall min =   0.114327
Timings> 
Timings> MLMCTimer2.......... Wall max =    0.16021
Timings>                      Wall avg =    0.16021
Timings>                      Wall min =    0.16021
Timings> 
Timings> WosTimer3........... Wall max =   0.597909
Timings>                      Wall avg =   0.597909
Timings>                      Wall min =   0.597909
Timings> 
Timings> MLMCTimer3.......... Wall max =   0.589158
Timings>                      Wall avg =   0.589158
Timings>                      Wall min =   0.589158
Timings> 
Timings> WosTimer4........... Wall max =    1.58115
Timings>                      Wall avg =    1.58115
Timings>                      Wall min =    1.58115
Timings> 
Timings> MLMCTimer4.......... Wall max =    1.35586
Timings>                      Wall avg =    1.35586
Timings>                      Wall min =    1.35586
Timings> 
Timings> WosTimer5........... Wall max =    2.80716
Timings>                      Wall avg =    2.80716
Timings>                      Wall min =    2.80716
Timings> 
Timings> MLMCTimer5.......... Wall max =    2.23898
Timings>                      Wall avg =    2.23898
Timings>                      Wall min =    2.23898
Timings> 
Timings> ---------------------------------------------
Warning: Option '4' is not parsed by Ippl.
Warning: Option '10000' is not parsed by Ippl.
Warning: Option '0.01' is not parsed by Ippl.
Warning: Option '0.0001' is not parsed by Ippl.
Warning: Option '2' is not parsed by Ippl.
Warning: Option 'mlmcSpeedup' is not parsed by Ippl.
TestFeynmanKac> Test FeynmanKac, grid = 4 N samples = 10000 delta0 = 0.01 epsilon = 0.0001
TestFeynmanKac> MLMC speedup test
TestFeynmanKac>             epsilon,          Dimension,        MLMC result,          MC result,           expected,          MLMC cost,            MC cost,          max Level,               varL,
TestFeynmanKac>   0.0001000000000000,                   2,  0.9999332193542122,  1.0001266541650844,  1.0000000000000000,615504914.0000000000000000,855688514.0000000000000000,                   9,  0.1610083456002099,
TestFeynmanKac>   0.0001000000000000,                   2,  1.0000045477244883,  0.9998289246522997,  1.0000000000000000,627564188.0000000000000000,911806523.0000000000000000,                   9,  0.1709295369995023,
TestFeynmanKac>   0.0001000000000000,                   2,  1.0000698007830680,  0.9999175439184439,  1.0000000000000000,629479080.0000000000000000,780305425.0000000000000000,                   8,  0.1594985987183720,
TestFeynmanKac>   0.0001000000000000,                   2,  0.9997465932077567,  0.9998673970266845,  1.0000000000000000,669713000.0000000000000000,885500347.0000000000000000,                   9,  0.1649197557571304,
TestFeynmanKac>   0.0001000000000000,                   2,  0.9999222050420525,  1.0000667312151741,  1.0000000000000000,625162540.0000000000000000,897047391.0000000000000000,                   9,  0.1667188400502577,
TestFeynmanKac>             epsilon,          Dimension,        MLMC result,          MC result,           expected,          MLMC cost,            MC cost,          max Level,               varL,
TestFeynmanKac>   0.0001000000000000,                   3,  0.9998884426458743,  0.9999120564135766,  1.0000000000000000,2047774275.0000000000000000,3075081174.0000000000000000,                   9,  0.1771594838737552,
TestFeynmanKac>   0.0001000000000000,                   3,  0.9998961768385000,  0.9999382653951669,  1.0000000000000000,2024668569.0000000000000000,3129138098.0000000000000000,                   9,  0.1801137675710321,
TestFeynmanKac>   0.0001000000000000,                   3,  0.9998245729148113,  0.9999914002177223,  1.0000000000000000,1940556576.0000000000000000,2991275877.0000000000000000,                   9,  0.1717406660092776,
TestFeynmanKac>   0.0001000000000000,                   3,  0.9999023305732003,  0.9999486989289963,  1.0000000000000000,1973435088.0000000000000000,3239582729.0000000000000000,                  10,  0.1752378039011342,
TestFeynmanKac>   0.0001000000000000,                   3,  0.9999708398299365,  1.0000111147801836,  1.0000000000000000,1967851566.0000000000000000,3018441196.0000000000000000,                   9,  0.1738585187347493,
TestFeynmanKac>             epsilon,          Dimension,        MLMC result,          MC result,           expected,          MLMC cost,            MC cost,          max Level,               varL,
TestFeynmanKac>   0.0001000000000000,                   4,  0.9999026434391136,  1.0000738399839051,  1.0000000000000000,3679400376.0000000000000000,5615077828.0000000000000000,                   9,  0.1577896665445624,
TestFeynmanKac>   0.0001000000000000,                   4,  1.0000091951631043,  0.9997993490547007,  1.0000000000000000,3626620568.0000000000000000,6109830617.0000000000000000,                   9,  0.1706652783074742,
TestFeynmanKac>   0.0001000000000000,                   4,  0.9998479324526310,  1.0000639070313511,  1.0000000000000000,3637342248.0000000000000000,6236564515.0000000000000000,                   9,  0.1735966696272890,
TestFeynmanKac>   0.0001000000000000,                   4,  0.9999735691089665,  0.9998228267921110,  1.0000000000000000,3610891424.0000000000000000,6397372314.0000000000000000,                   9,  0.1799400416566572,
TestFeynmanKac>   0.0001000000000000,                   4,  1.0001122342145909,  0.9998425772244323,  1.0000000000000000,3658175688.0000000000000000,6268676714.0000000000000000,                   9,  0.1755137370040835,
TestFeynmanKac>             epsilon,          Dimension,        MLMC result,          MC result,           expected,          MLMC cost,            MC cost,          max Level,               varL,
TestFeynmanKac>   0.0001000000000000,                   5,  1.0000507868510193,  0.9999652383817729,  1.0000000000000000,5542629430.0000000000000000,9409563226.0000000000000000,                   9,  0.1551248512290731,
TestFeynmanKac>   0.0001000000000000,                   5,  0.9999860406222276,  1.0000144501152115,  1.0000000000000000,5179369820.0000000000000000,9407572109.0000000000000000,                   9,  0.1522546644413931,
TestFeynmanKac>   0.0001000000000000,                   5,  0.9999669448131855,  1.0000153631956894,  1.0000000000000000,4988382715.0000000000000000,9319102849.0000000000000000,                   9,  0.1546926490360233,
TestFeynmanKac>   0.0001000000000000,                   5,  1.0000221917780947,  1.0000662087004779,  1.0000000000000000,5265025750.0000000000000000,9322888448.0000000000000000,                   9,  0.1531478132691997,
TestFeynmanKac>   0.0001000000000000,                   5,  0.9998379888580068,  1.0001272301218560,  1.0000000000000000,5016424685.0000000000000000,9008346478.0000000000000000,                   8,  0.1606536196084724,
Timings> ---------------------------------------------
Timings>      Timing results for 1 nodes:
Timings> ---------------------------------------------
Timings> allTimer............ Wall tot =     60.208
Timings> 
Timings> WosTimer2........... Wall max =   0.633492
Timings>                      Wall avg =   0.633492
Timings>                      Wall min =   0.633492
Timings> 
Timings> MLMCTimer2.......... Wall max =   0.779372
Timings>                      Wall avg =   0.779372
Timings>                      Wall min =   0.779372
Timings> 
Timings> WosTimer3........... Wall max =    4.01267
Timings>                      Wall avg =    4.01267
Timings>                      Wall min =    4.01267
Timings> 
Timings> MLMCTimer3.......... Wall max =    3.53599
Timings>                      Wall avg =    3.53599
Timings>                      Wall min =    3.53599
Timings> 
Timings> WosTimer4........... Wall max =    10.8424
Timings>                      Wall avg =    10.8424
Timings>                      Wall min =    10.8424
Timings> 
Timings> MLMCTimer4.......... Wall max =    8.40747
Timings>                      Wall avg =    8.40747
Timings>                      Wall min =    8.40747
Timings> 
Timings> WosTimer5........... Wall max =    18.8058
Timings>                      Wall avg =    18.8058
Timings>                      Wall min =    18.8058
Timings> 
Timings> MLMCTimer5.......... Wall max =    13.0955
Timings>                      Wall avg =    13.0955
Timings>                      Wall min =    13.0955
Timings> 
Timings> ---------------------------------------------
Warning: Option '4' is not parsed by Ippl.
Warning: Option '10000' is not parsed by Ippl.
Warning: Option '0.01' is not parsed by Ippl.
Warning: Option '0.00005' is not parsed by Ippl.
Warning: Option '2' is not parsed by Ippl.
Warning: Option 'mlmcSpeedup' is not parsed by Ippl.
TestFeynmanKac> Test FeynmanKac, grid = 4 N samples = 10000 delta0 = 0.01 epsilon = 5e-05
TestFeynmanKac> MLMC speedup test
TestFeynmanKac>             epsilon,          Dimension,        MLMC result,          MC result,           expected,          MLMC cost,            MC cost,          max Level,               varL,
TestFeynmanKac>   0.0000500000000000,                   2,  0.9999711322665994,  0.9999597192079951,  1.0000000000000000,2633920568.0000000000000000,3841432077.0000000000000000,                  10,  0.1651700305907843,
TestFeynmanKac>   0.0000500000000000,                   2,  0.9999391775690142,  1.0000053103516535,  1.0000000000000000,2477054926.0000000000000000,3471992382.0000000000000000,                   9,  0.1617697227666105,
TestFeynmanKac>   0.0000500000000000,                   2,  1.0000457187098297,  0.9999692916262821,  1.0000000000000000,2536924082.0000000000000000,3796199775.0000000000000000,                  10,  0.1627169634569840,
TestFeynmanKac>   0.0000500000000000,                   2,  0.9999498516389849,  0.9999528352266402,  1.0000000000000000,2645215500.0000000000000000,3481752592.0000000000000000,                   9,  0.1629374911747085,
TestFeynmanKac>   0.0000500000000000,                   2,  0.9998444977812340,  0.9999513674113295,  1.0000000000000000,2379078034.0000000000000000,3243596592.0000000000000000,                   8,  0.1629987352203800,
TestFeynmanKac>             epsilon,          Dimension,        MLMC result,          MC result,           expected,          MLMC cost,            MC cost,          max Level,               varL,
TestFeynmanKac>   0.0000500000000000,                   3,  0.9999719937149307,  0.9999720667939093,  1.0000000000000000,8187464616.0000000000000000,13293721277.0000000000000000,                  10,  0.1783155158475676,
TestFeynmanKac>   0.0000500000000000,                   3,  0.9999817227531657,  0.9999785573836451,  1.0000000000000000,7954262589.0000000000000000,12384139390.0000000000000000,                  10,  0.1670992441357699,
TestFeynmanKac>   0.0000500000000000,                   3,  0.9999195120690355,  0.9999372100645242,  1.0000000000000000,7821708225.0000000000000000,11997197586.0000000000000000,                   9,  0.1739662192587875,
TestFeynmanKac>   0.0000500000000000,                   3,  1.0000251289943987,  1.0000086369868271,  1.0000000000000000,7768675029.0000000000000000,13796859298.0000000000000000,                  10,  0.1847847771419641,
TestFeynmanKac>   0.0000500000000000,                   3,  0.9999507590902429,  0.9999478300099162,  1.0000000000000000,8538230646.0000000000000000,13786943804.0000000000000000,                  10,  0.1840090431807090,
TestFeynmanKac>             epsilon,          Dimension,        MLMC result,          MC result,           expected,          MLMC cost,            MC cost,          max Level,               varL,
TestFeynmanKac>   0.0000500000000000,                   4,  0.9999384684500838,  0.9999859058699840,  1.0000000000000000,14302464792.0000000000000000,24917556260.0000000000000000,                   9,  0.1728898998200128,
TestFeynmanKac>   0.0000500000000000,                   4,  0.9999552126608973,  0.9999466907633994,  1.0000000000000000,14221524672.0000000000000000,27094189840.0000000000000000,                  10,  0.1744331820078978,
TestFeynmanKac>   0.0000500000000000,                   4,  0.9999103851388965,  1.0000033987246992,  1.0000000000000000,14117771680.0000000000000000,24046558872.0000000000000000,                   9,  0.1671467386630073,
TestFeynmanKac>   0.0000500000000000,                   4,  0.9999708562186379,  1.0000816631021734,  1.0000000000000000,14517541092.0000000000000000,27274198465.0000000000000000,                  10,  0.1755895505607525,
TestFeynmanKac>   0.0000500000000000,                   4,  0.9999833849311905,  1.0000558618103166,  1.0000000000000000,14846120500.0000000000000000,24530921396.0000000000000000,                   9,  0.1715076769041680,
TestFeynmanKac>             epsilon,          Dimension,        MLMC result,          MC result,           expected,          MLMC cost,            MC cost,          max Level,               varL,
TestFeynmanKac>   0.0000500000000000,                   5,  1.0000006688198935,  1.0000894089831656,  1.0000000000000000,20800563525.0000000000000000,40606862470.0000000000000000,                  10,  0.1543001522591345,
TestFeynmanKac>   0.0000500000000000,                   5,  0.9999522506078304,  1.0000390300620812,  1.0000000000000000,20889155390.0000000000000000,36174264413.0000000000000000,                   9,  0.1487984182092234,
TestFeynmanKac>   0.0000500000000000,                   5,  0.9999825398044090,  1.0000226610554588,  1.0000000000000000,20961277555.0000000000000000,41429693739.0000000000000000,                  10,  0.1579072907688227,
TestFeynmanKac>   0.0000500000000000,                   5,  0.9998896256211086,  0.9999431577588446,  1.0000000000000000,21023556960.0000000000000000,40861837021.0000000000000000,                  10,  0.1554471663944732,
TestFeynmanKac>   0.0000500000000000,                   5,  0.9999950294119871,  0.9999834820157804,  1.0000000000000000,22152025815.0000000000000000,40133348193.0000000000000000,                  10,  0.1532834533080488,
Timings> ---------------------------------------------
Timings>      Timing results for 1 nodes:
Timings> ---------------------------------------------
Timings> allTimer............ Wall tot =    246.059
Timings> 
Timings> WosTimer2........... Wall max =    2.54645
Timings>                      Wall avg =    2.54645
Timings>                      Wall min =    2.54645
Timings> 
Timings> MLMCTimer2.......... Wall max =    2.95702
Timings>                      Wall avg =    2.95702
Timings>                      Wall min =    2.95702
Timings> 
Timings> WosTimer3........... Wall max =    16.5811
Timings>                      Wall avg =    16.5811
Timings>                      Wall min =    16.5811
Timings> 
Timings> MLMCTimer3.......... Wall max =    14.2489
Timings>                      Wall avg =    14.2489
Timings>                      Wall min =    14.2489
Timings> 
Timings> WosTimer4........... Wall max =    44.3816
Timings>                      Wall avg =    44.3816
Timings>                      Wall min =    44.3816
Timings> 
Timings> MLMCTimer4.......... Wall max =    33.0974
Timings>                      Wall avg =    33.0974
Timings>                      Wall min =    33.0974
Timings> 
Timings> WosTimer5........... Wall max =    79.3511
Timings>                      Wall avg =    79.3511
Timings>                      Wall min =    79.3511
Timings> 
Timings> MLMCTimer5.......... Wall max =    52.7917
Timings>                      Wall avg =    52.7917
Timings>                      Wall min =    52.7917
Timings> 
Timings> ---------------------------------------------
Warning: Option '4' is not parsed by Ippl.
Warning: Option '10000' is not parsed by Ippl.
Warning: Option '0.01' is not parsed by Ippl.
Warning: Option '0.000025' is not parsed by Ippl.
Warning: Option '2' is not parsed by Ippl.
Warning: Option 'mlmcSpeedup' is not parsed by Ippl.
TestFeynmanKac> Test FeynmanKac, grid = 4 N samples = 10000 delta0 = 0.01 epsilon = 2.5e-05
TestFeynmanKac> MLMC speedup test
TestFeynmanKac>             epsilon,          Dimension,        MLMC result,          MC result,           expected,          MLMC cost,            MC cost,          max Level,               varL,
TestFeynmanKac>   0.0000250000000000,                   2,  0.9999442411762506,  0.9999492174670911,  1.0000000000000000,10409415786.0000000000000000,14844075826.0000000000000000,                  10,  0.1611939041311389,
TestFeynmanKac>   0.0000250000000000,                   2,  1.0000114284037740,  0.9999954423467836,  1.0000000000000000,10102648540.0000000000000000,15406303564.0000000000000000,                  10,  0.1657190507878735,
TestFeynmanKac>   0.0000250000000000,                   2,  0.9999735898156688,  1.0000246743146179,  1.0000000000000000,10723969654.0000000000000000,14636502417.0000000000000000,                  10,  0.1575470861481887,
TestFeynmanKac>   0.0000250000000000,                   2,  0.9999551443065834,  1.0000078965741912,  1.0000000000000000,10134195008.0000000000000000,16559028457.0000000000000000,                  10,  0.1772714825461948,
TestFeynmanKac>   0.0000250000000000,                   2,  0.9999890912833105,  1.0000192596534365,  1.0000000000000000,10417667878.0000000000000000,15692211386.0000000000000000,                  10,  0.1694277817358165,
TestFeynmanKac>             epsilon,          Dimension,        MLMC result,          MC result,           expected,          MLMC cost,            MC cost,          max Level,               varL,
TestFeynmanKac>   0.0000250000000000,                   3,  0.9999192970336909,  0.9999668981105687,  1.0000000000000000,32336164986.0000000000000000,52423020680.0000000000000000,                  10,  0.1747629757178736,
TestFeynmanKac>   0.0000250000000000,                   3,  0.9999021989825987,  0.9999965461075530,  1.0000000000000000,31253967405.0000000000000000,46236525489.0000000000000000,                   9,  0.1667551194817581,
TestFeynmanKac>   0.0000250000000000,                   3,  0.9999727597658037,  0.9999695212610098,  1.0000000000000000,31963911879.0000000000000000,52563056020.0000000000000000,                  10,  0.1782498457001379,
TestFeynmanKac>   0.0000250000000000,                   3,  0.9999885090757209,  1.0000031101824183,  1.0000000000000000,34692489138.0000000000000000,54534747361.0000000000000000,                  10,  0.1831397767151278,
TestFeynmanKac>   0.0000250000000000,                   3,  0.9999377391311012,  0.9999507111186429,  1.0000000000000000,31465440834.0000000000000000,52905354048.0000000000000000,                  10,  0.1773328950642781,
TestFeynmanKac>             epsilon,          Dimension,        MLMC result,          MC result,           expected,          MLMC cost,            MC cost,          max Level,               varL,
TestFeynmanKac>   0.0000250000000000,                   4,  0.9999503759291543,  1.0000172288249296,  1.0000000000000000,56487249136.0000000000000000,108862482389.0000000000000000,                  10,  0.1744176039470431,
TestFeynmanKac>   0.0000250000000000,                   4,  0.9999657248569096,  0.9999454676692622,  1.0000000000000000,57570791316.0000000000000000,99276479713.0000000000000000,                  10,  0.1619455024811312,
TestFeynmanKac>   0.0000250000000000,                   4,  0.9999898426278540,  1.0000326318827479,  1.0000000000000000,58220949156.0000000000000000,100289119506.0000000000000000,                  10,  0.1626096842759471,
TestFeynmanKac>   0.0000250000000000,                   4,  0.9999466112210001,  0.9999905605952388,  1.0000000000000000,56710911640.0000000000000000,102488119027.0000000000000000,                  10,  0.1652546303532119,
TestFeynmanKac>   0.0000250000000000,                   4,  0.9999976916711356,  0.9999885918269532,  1.0000000000000000,66275989936.0000000000000000,102293619437.0000000000000000,                  10,  0.1647733560366272,
TestFeynmanKac>             epsilon,          Dimension,        MLMC result,          MC result,           expected,          MLMC cost,            MC cost,          max Level,               varL,
TestFeynmanKac>   0.0000250000000000,                   5,  0.9999800168527788,  0.9999809120816054,  1.0000000000000000,84627944480.0000000000000000,165422956430.0000000000000000,                  10,  0.1565573041630805,
TestFeynmanKac>   0.0000250000000000,                   5,  0.9999558758087362,  1.0000160351304384,  1.0000000000000000,82655748820.0000000000000000,161714372547.0000000000000000,                  10,  0.1517794939880101,
TestFeynmanKac>   0.0000250000000000,                   5,  0.9999721521475252,  0.9999550201573756,  1.0000000000000000,83972085800.0000000000000000,161614775450.0000000000000000,                  10,  0.1544278278824217,
TestFeynmanKac>   0.0000250000000000,                   5,  0.9999853191563636,  1.0000150293559924,  1.0000000000000000,83423165185.0000000000000000,165014431474.0000000000000000,                  10,  0.1561737479492935,
TestFeynmanKac>   0.0000250000000000,                   5,  0.9999603982825725,  1.0000014370684354,  1.0000000000000000,82320042870.0000000000000000,165224507282.0000000000000000,                  10,  0.1566479683548953,
Timings> ---------------------------------------------
Timings>      Timing results for 1 nodes:
Timings> ---------------------------------------------
Timings> allTimer............ Wall tot =    997.096
Timings> 
Timings> WosTimer2........... Wall max =    10.5636
Timings>                      Wall avg =    10.5636
Timings>                      Wall min =    10.5636
Timings> 
Timings> MLMCTimer2.......... Wall max =    11.9621
Timings>                      Wall avg =    11.9621
Timings>                      Wall min =    11.9621
Timings> 
Timings> WosTimer3........... Wall max =    66.5031
Timings>                      Wall avg =    66.5031
Timings>                      Wall min =    66.5031
Timings> 
Timings> MLMCTimer3.......... Wall max =    57.3179
Timings>                      Wall avg =    57.3179
Timings>                      Wall min =    57.3179
Timings> 
Timings> WosTimer4........... Wall max =    184.204
Timings>                      Wall avg =    184.204
Timings>                      Wall min =    184.204
Timings> 
Timings> MLMCTimer4.......... Wall max =      135.6
Timings>                      Wall avg =      135.6
Timings>                      Wall min =      135.6
Timings> 
Timings> WosTimer5........... Wall max =    322.163
Timings>                      Wall avg =    322.163
Timings>                      Wall min =    322.163
Timings> 
Timings> MLMCTimer5.......... Wall max =     208.68
Timings>                      Wall avg =     208.68
Timings>                      Wall min =     208.68
Timings> 
Timings> ---------------------------------------------
