starting make on job 334305
Warning: Option '4' is not parsed by Ippl.
Warning: Option '1000000' is not parsed by Ippl.
Warning: Option '0.1' is not parsed by Ippl.
Warning: Option '0.1' is not parsed by Ippl.
Warning: Option '16' is not parsed by Ippl.
Warning: Option 'convergenceTest' is not parsed by Ippl.
Warning: Option '0' is not parsed by Ippl.
TestFeynmanKac> Test FeynmanKac, grid = 4 N samples = 1000000 delta0 = 0.1 epsilon = 0.1 test type = convergenceTest testPosition = ( 0.5 , 0.5 , 0.5 , 0.5 , 0.5 )
TestFeynmanKac> WoS Convergence test
TestFeynmanKac>               delta,          Dimension,         WoS result,       exact result,               error               Work,
TestFeynmanKac>                  0.1,                   2,  0.9229875889528916,                   1, 0.07701241104710843,             5346032
TestFeynmanKac>                  0.1,                   2,  0.9229617727802427,                   1, 0.07703822721975728,             5347516
TestFeynmanKac>                  0.1,                   2,  0.9226384894339681,                   1, 0.07736151056603191,             5348388
TestFeynmanKac>                  0.1,                   2,  0.9229737066373259,                   1, 0.07702629336267408,             5350532
TestFeynmanKac>                  0.1,                   2,   0.922850859126061,                   1, 0.07714914087393898,             5350424
TestFeynmanKac>                  0.1,                   2,  0.9230997076386762,                   1, 0.07690029236132379,             5354792
TestFeynmanKac>                  0.1,                   2,  0.9230861196665308,                   1, 0.07691388033346924,             5348568
TestFeynmanKac>                  0.1,                   2,  0.9226852823900735,                   1, 0.07731471760992648,             5343300
TestFeynmanKac>                  0.1,                   2,  0.9225602656839674,                   1, 0.07743973431603257,             5340240
TestFeynmanKac>                  0.1,                   2,  0.9226090176853088,                   1, 0.07739098231469121,             5346780
TestFeynmanKac>                  0.1,                   2,  0.9229660018795035,                   1, 0.07703399812049649,             5349788
TestFeynmanKac>                  0.1,                   2,  0.9228794002182183,                   1, 0.07712059978178165,             5351128
TestFeynmanKac>                  0.1,                   2,  0.9224091412272771,                   1, 0.07759085877272287,             5342920
TestFeynmanKac>                  0.1,                   2,  0.9233167961377455,                   1, 0.07668320386225447,             5345360
TestFeynmanKac>                  0.1,                   2,  0.9229280007473347,                   1, 0.07707199925266528,             5345780
TestFeynmanKac>                  0.1,                   2,  0.9230704973849942,                   1, 0.07692950261500575,             5350516
TestFeynmanKac>                  0.1,                   2,  0.9232693263469399,                   1, 0.07673067365306008,             5349360
TestFeynmanKac>                  0.1,                   2,  0.9230963096478415,                   1, 0.07690369035215849,             5353152
TestFeynmanKac>                  0.1,                   2,  0.9234521192016433,                   1, 0.07654788079835673,             5351276
TestFeynmanKac>                  0.1,                   2,  0.9230847188989965,                   1, 0.07691528110100354,             5350988
TestFeynmanKac>               delta,          Dimension,         WoS result,       exact result,               error               Work,
TestFeynmanKac>                  0.1,                   3,  0.8984160618700487,                   1,  0.1015839381299513,            11538462
TestFeynmanKac>                  0.1,                   3,  0.8981181185708053,                   1,  0.1018818814291947,            11527284
TestFeynmanKac>                  0.1,                   3,   0.898298785290239,                   1,   0.101701214709761,            11545368
TestFeynmanKac>                  0.1,                   3,  0.8981735276804726,                   1,  0.1018264723195274,            11536734
TestFeynmanKac>                  0.1,                   3,  0.8978659275051577,                   1,  0.1021340724948423,            11523084
TestFeynmanKac>                  0.1,                   3,  0.8979954531671253,                   1,  0.1020045468328747,            11532300
TestFeynmanKac>                  0.1,                   3,  0.8985799311056876,                   1,  0.1014200688943124,            11552178
TestFeynmanKac>                  0.1,                   3,  0.8978488094746609,                   1,  0.1021511905253391,            11527806
TestFeynmanKac>                  0.1,                   3,   0.897919631914656,                   1,   0.102080368085344,            11545140
TestFeynmanKac>                  0.1,                   3,  0.8978019962757934,                   1,  0.1021980037242066,            11525826
TestFeynmanKac>                  0.1,                   3,  0.8975582708460305,                   1,  0.1024417291539695,            11531976
TestFeynmanKac>                  0.1,                   3,  0.8985014847872899,                   1,  0.1014985152127101,            11526780
TestFeynmanKac>                  0.1,                   3,  0.8980969287164327,                   1,  0.1019030712835673,            11554014
TestFeynmanKac>                  0.1,                   3,  0.8982837439359025,                   1,  0.1017162560640975,            11541780
TestFeynmanKac>                  0.1,                   3,  0.8983075472825275,                   1,  0.1016924527174725,            11521416
TestFeynmanKac>                  0.1,                   3,  0.8976855368674534,                   1,  0.1023144631325466,            11523066
TestFeynmanKac>                  0.1,                   3,   0.898100123760438,                   1,   0.101899876239562,            11556438
TestFeynmanKac>                  0.1,                   3,  0.8976686178281897,                   1,  0.1023313821718103,            11537328
TestFeynmanKac>                  0.1,                   3,   0.897934853292947,                   1,   0.102065146707053,            11525388
TestFeynmanKac>                  0.1,                   3,  0.8976881225464741,                   1,  0.1023118774535259,            11530314
TestFeynmanKac>               delta,          Dimension,         WoS result,       exact result,               error               Work,
TestFeynmanKac>                  0.1,                   4,  0.8927548070713296,                   1,  0.1072451929286704,            20868512
TestFeynmanKac>                  0.1,                   4,  0.8931226300979922,                   1,  0.1068773699020078,            20855632
TestFeynmanKac>                  0.1,                   4,  0.8932872568043562,                   1,  0.1067127431956438,            20878072
TestFeynmanKac>                  0.1,                   4,  0.8933008713133461,                   1,  0.1066991286866539,            20872160
TestFeynmanKac>                  0.1,                   4,  0.8937675643378189,                   1,  0.1062324356621811,            20905744
TestFeynmanKac>                  0.1,                   4,  0.8931885396877092,                   1,  0.1068114603122908,            20846760
TestFeynmanKac>                  0.1,                   4,  0.8933566118497029,                   1,  0.1066433881502971,            20883192
TestFeynmanKac>                  0.1,                   4,  0.8930338610975537,                   1,  0.1069661389024463,            20852296
TestFeynmanKac>                  0.1,                   4,  0.8931898836907836,                   1,  0.1068101163092164,            20865176
TestFeynmanKac>                  0.1,                   4,  0.8931012249017937,                   1,  0.1068987750982063,            20881896
TestFeynmanKac>                  0.1,                   4,   0.893253780637396,                   1,   0.106746219362604,            20885968
TestFeynmanKac>                  0.1,                   4,  0.8931148132877379,                   1,  0.1068851867122621,            20837656
TestFeynmanKac>                  0.1,                   4,  0.8933229358546324,                   1,  0.1066770641453676,            20867888
TestFeynmanKac>                  0.1,                   4,  0.8930674038955656,                   1,  0.1069325961044344,            20863496
TestFeynmanKac>                  0.1,                   4,  0.8931528857117423,                   1,  0.1068471142882577,            20862944
TestFeynmanKac>                  0.1,                   4,  0.8926568468453995,                   1,  0.1073431531546005,            20877224
TestFeynmanKac>                  0.1,                   4,  0.8936238583099588,                   1,  0.1063761416900412,            20873072
TestFeynmanKac>                  0.1,                   4,  0.8927347366389233,                   1,  0.1072652633610767,            20870992
TestFeynmanKac>                  0.1,                   4,  0.8931413787640798,                   1,  0.1068586212359202,            20873600
TestFeynmanKac>                  0.1,                   4,  0.8925155883189393,                   1,  0.1074844116810607,            20851424
TestFeynmanKac>               delta,          Dimension,         WoS result,       exact result,               error               Work,
TestFeynmanKac>                  0.1,                   5,  0.8958881886242461,                   1,  0.1041118113757539,            33200010
TestFeynmanKac>                  0.1,                   5,  0.8956687450085418,                   1,  0.1043312549914582,            33196460
TestFeynmanKac>                  0.1,                   5,  0.8952446546055944,                   1,  0.1047553453944056,            33137510
TestFeynmanKac>                  0.1,                   5,  0.8959055960502982,                   1,  0.1040944039497018,            33204730
TestFeynmanKac>                  0.1,                   5,  0.8960886672189452,                   1,  0.1039113327810548,            33194970
TestFeynmanKac>                  0.1,                   5,  0.8954831594112743,                   1,  0.1045168405887257,            33169100
TestFeynmanKac>                  0.1,                   5,  0.8956971255073566,                   1,  0.1043028744926434,            33204130
TestFeynmanKac>                  0.1,                   5,  0.8961205333892477,                   1,  0.1038794666107523,            33224030
TestFeynmanKac>                  0.1,                   5,  0.8954053137421811,                   1,  0.1045946862578189,            33176180
TestFeynmanKac>                  0.1,                   5,   0.895541536604992,                   1,   0.104458463395008,            33176900
TestFeynmanKac>                  0.1,                   5,  0.8957543158333456,                   1,  0.1042456841666544,            33197450
TestFeynmanKac>                  0.1,                   5,  0.8964220811509407,                   1,  0.1035779188490593,            33273140
TestFeynmanKac>                  0.1,                   5,  0.8967815337688362,                   1,  0.1032184662311638,            33228310
TestFeynmanKac>                  0.1,                   5,   0.895667942881655,                   1,   0.104332057118345,            33161460
TestFeynmanKac>                  0.1,                   5,  0.8954569549474189,                   1,  0.1045430450525811,            33205980
TestFeynmanKac>                  0.1,                   5,  0.8956794281720901,                   1,  0.1043205718279099,            33144990
TestFeynmanKac>                  0.1,                   5,  0.8962009003706194,                   1,  0.1037990996293806,            33216190
TestFeynmanKac>                  0.1,                   5,  0.8961108876669989,                   1,  0.1038891123330011,            33211180
TestFeynmanKac>                  0.1,                   5,  0.8958937535933503,                   1,  0.1041062464066497,            33219440
TestFeynmanKac>                  0.1,                   5,  0.8957262892569492,                   1,  0.1042737107430508,            33167590
Timings> ---------------------------------------------
Timings>      Timing results for 1 nodes:
Timings> ---------------------------------------------
Timings> allTimer............ Wall tot =    1.32252
Timings> 
Timings> WosTimer2........... Wall max =  0.0375329
Timings>                      Wall avg =  0.0375329
Timings>                      Wall min =  0.0375329
Timings> 
Timings> WosTimer3........... Wall max =   0.128251
Timings>                      Wall avg =   0.128251
Timings>                      Wall min =   0.128251
Timings> 
Timings> WosTimer4........... Wall max =   0.254551
Timings>                      Wall avg =   0.254551
Timings>                      Wall min =   0.254551
Timings> 
Timings> WosTimer5........... Wall max =   0.383958
Timings>                      Wall avg =   0.383958
Timings>                      Wall min =   0.383958
Timings> 
Timings> ---------------------------------------------
Warning: Option '4' is not parsed by Ippl.
Warning: Option '1000000' is not parsed by Ippl.
Warning: Option '0.01' is not parsed by Ippl.
Warning: Option '0.1' is not parsed by Ippl.
Warning: Option '16' is not parsed by Ippl.
Warning: Option 'convergenceTest' is not parsed by Ippl.
Warning: Option '0' is not parsed by Ippl.
TestFeynmanKac> Test FeynmanKac, grid = 4 N samples = 1000000 delta0 = 0.01 epsilon = 0.1 test type = convergenceTest testPosition = ( 0.5 , 0.5 , 0.5 , 0.5 , 0.5 )
TestFeynmanKac> WoS Convergence test
TestFeynmanKac>               delta,          Dimension,         WoS result,       exact result,               error               Work,
TestFeynmanKac>                 0.01,                   2,  0.9918576575576011,                   1,0.008142342442398864,            17784124
TestFeynmanKac>                 0.01,                   2,  0.9912921011017267,                   1,0.008707898898273281,            17784232
TestFeynmanKac>                 0.01,                   2,  0.9913116924452992,                   1,0.008688307554700847,            17800252
TestFeynmanKac>                 0.01,                   2,  0.9914444798306318,                   1,0.008555520169368225,            17795472
TestFeynmanKac>                 0.01,                   2,  0.9912819517731946,                   1,0.008718048226805442,            17775552
TestFeynmanKac>                 0.01,                   2,  0.9921110354053567,                   1,0.007888964594643277,            17775924
TestFeynmanKac>                 0.01,                   2,  0.9916112879706044,                   1,0.008388712029395617,            17790536
TestFeynmanKac>                 0.01,                   2,  0.9909639952574643,                   1,0.009036004742535741,            17772312
TestFeynmanKac>                 0.01,                   2,  0.9915868451178932,                   1, 0.00841315488210681,            17791144
TestFeynmanKac>                 0.01,                   2,  0.9914085904833043,                   1,0.008591409516695681,            17802504
TestFeynmanKac>                 0.01,                   2,  0.9910092645230253,                   1,0.008990735476974709,            17782928
TestFeynmanKac>                 0.01,                   2,  0.9914622211555024,                   1,0.008537778844497579,            17775904
TestFeynmanKac>                 0.01,                   2,  0.9904784435834464,                   1,0.009521556416553612,            17813688
TestFeynmanKac>                 0.01,                   2,  0.9916450989262255,                   1,0.008354901073774457,            17807636
TestFeynmanKac>                 0.01,                   2,  0.9913253234001456,                   1,0.008674676599854436,            17796380
TestFeynmanKac>                 0.01,                   2,  0.9915221580743546,                   1, 0.00847784192564538,            17794724
TestFeynmanKac>                 0.01,                   2,  0.9915116102967606,                   1,0.008488389703239396,            17759944
TestFeynmanKac>                 0.01,                   2,  0.9913726726426551,                   1,0.008627327357344949,            17787460
TestFeynmanKac>                 0.01,                   2,  0.9916149920857839,                   1,0.008385007914216147,            17793424
TestFeynmanKac>                 0.01,                   2,  0.9914064442445151,                   1,0.008593555755484927,            17782420
TestFeynmanKac>               delta,          Dimension,         WoS result,       exact result,               error               Work,
TestFeynmanKac>                 0.01,                   3,  0.9900491590395667,                   1,0.009950840960433305,            51356076
TestFeynmanKac>                 0.01,                   3,  0.9900310414425606,                   1,  0.0099689585574394,            51316884
TestFeynmanKac>                 0.01,                   3,  0.9891630305907135,                   1, 0.01083696940928647,            51275226
TestFeynmanKac>                 0.01,                   3,   0.989921231075943,                   1, 0.01007876892405701,            51355008
TestFeynmanKac>                 0.01,                   3,  0.9890267770031532,                   1, 0.01097322299684678,            51309066
TestFeynmanKac>                 0.01,                   3,  0.9900258640294907,                   1,0.009974135970509335,            51384390
TestFeynmanKac>                 0.01,                   3,  0.9898424969155242,                   1, 0.01015750308447583,            51411564
TestFeynmanKac>                 0.01,                   3,  0.9900278086489929,                   1,0.009972191351007131,            51328896
TestFeynmanKac>                 0.01,                   3,  0.9900185883566521,                   1,0.009981411643347871,            51361164
TestFeynmanKac>                 0.01,                   3,  0.9899350374113846,                   1, 0.01006496258861544,            51330312
TestFeynmanKac>                 0.01,                   3,  0.9902780290112393,                   1,0.009721970988760709,            51359520
TestFeynmanKac>                 0.01,                   3,  0.9901779925241087,                   1,0.009822007475891348,            51342528
TestFeynmanKac>                 0.01,                   3,  0.9902360337399442,                   1,0.009763966260055823,            51378768
TestFeynmanKac>                 0.01,                   3,  0.9902304183126472,                   1,0.009769581687352757,            51342654
TestFeynmanKac>                 0.01,                   3,  0.9891714885735915,                   1,  0.0108285114264085,            51316770
TestFeynmanKac>                 0.01,                   3,  0.9896090762161739,                   1, 0.01039092378382611,            51369090
TestFeynmanKac>                 0.01,                   3,  0.9907458921783062,                   1, 0.00925410782169378,            51367224
TestFeynmanKac>                 0.01,                   3,   0.989458722889076,                   1, 0.01054127711092401,            51325464
TestFeynmanKac>                 0.01,                   3,  0.9896283091354646,                   1, 0.01037169086453538,            51383898
TestFeynmanKac>                 0.01,                   3,  0.9897618920396059,                   1, 0.01023810796039415,            51340386
TestFeynmanKac>               delta,          Dimension,         WoS result,       exact result,               error               Work,
TestFeynmanKac>                 0.01,                   4,  0.9904375394566221,                   1,0.009562460543377949,           101823128
TestFeynmanKac>                 0.01,                   4,  0.9906462903204671,                   1,0.009353709679532862,           101965240
TestFeynmanKac>                 0.01,                   4,  0.9908773287951189,                   1,0.009122671204881083,           101929184
TestFeynmanKac>                 0.01,                   4,  0.9902906984985673,                   1,0.009709301501432677,           101736712
TestFeynmanKac>                 0.01,                   4,  0.9896396598466227,                   1, 0.01036034015337728,           101828520
TestFeynmanKac>                 0.01,                   4,  0.9901211237121923,                   1,0.009878876287807703,           101883864
TestFeynmanKac>                 0.01,                   4,  0.9897985383950316,                   1, 0.01020146160496838,           101800688
TestFeynmanKac>                 0.01,                   4,  0.9898662742069368,                   1, 0.01013372579306315,           101832792
TestFeynmanKac>                 0.01,                   4,   0.989316404545229,                   1, 0.01068359545477104,           101665816
TestFeynmanKac>                 0.01,                   4,  0.9896901427148229,                   1, 0.01030985728517708,           101888088
TestFeynmanKac>                 0.01,                   4,  0.9903648286599391,                   1,0.009635171340060866,           101818088
TestFeynmanKac>                 0.01,                   4,  0.9898556013802158,                   1, 0.01014439861978422,           101738168
TestFeynmanKac>                 0.01,                   4,  0.9907881869894725,                   1,0.009211813010527536,           101893328
TestFeynmanKac>                 0.01,                   4,  0.9899055661356733,                   1, 0.01009443386432674,           101790288
TestFeynmanKac>                 0.01,                   4,  0.9901523043644271,                   1,0.009847695635572862,           101742176
TestFeynmanKac>                 0.01,                   4,   0.990369704977426,                   1,0.009630295022573954,           101814120
TestFeynmanKac>                 0.01,                   4,  0.9900069842967487,                   1,0.009993015703251285,           101936944
TestFeynmanKac>                 0.01,                   4,  0.9902267013790497,                   1,0.009773298620950333,           101650304
TestFeynmanKac>                 0.01,                   4,  0.9896968480225554,                   1, 0.01030315197744458,           101839968
TestFeynmanKac>                 0.01,                   4,  0.9906539906614401,                   1,0.009346009338559891,           101856928
TestFeynmanKac>               delta,          Dimension,         WoS result,       exact result,               error               Work,
TestFeynmanKac>                 0.01,                   5,  0.9911048610372678,                   1,0.008895138962732196,           168165590
TestFeynmanKac>                 0.01,                   5,   0.990567172351402,                   1,0.009432827648597986,           168195790
TestFeynmanKac>                 0.01,                   5,  0.9911748960691364,                   1,0.008825103930863554,           168443770
TestFeynmanKac>                 0.01,                   5,  0.9912754838382832,                   1,0.008724516161716767,           168485110
TestFeynmanKac>                 0.01,                   5,  0.9907723325601751,                   1,0.009227667439824949,           168229750
TestFeynmanKac>                 0.01,                   5,  0.9911205592221314,                   1,0.008879440777868619,           168377750
TestFeynmanKac>                 0.01,                   5,  0.9910303775207828,                   1,0.008969622479217176,           168353950
TestFeynmanKac>                 0.01,                   5,  0.9915739935076202,                   1,0.008426006492379789,           168569510
TestFeynmanKac>                 0.01,                   5,  0.9915535923770359,                   1,0.008446407622964114,           168387490
TestFeynmanKac>                 0.01,                   5,  0.9913260479656565,                   1,0.008673952034343513,           168432760
TestFeynmanKac>                 0.01,                   5,  0.9904039379981371,                   1,0.009596062001862915,           168233910
TestFeynmanKac>                 0.01,                   5,  0.9912034217411702,                   1,0.008796578258829846,           168472410
TestFeynmanKac>                 0.01,                   5,  0.9916676520137921,                   1,0.008332347986207855,           168375490
TestFeynmanKac>                 0.01,                   5,  0.9908282799749525,                   1,0.009171720025047514,           168286140
TestFeynmanKac>                 0.01,                   5,  0.9909634747473107,                   1,0.009036525252689276,           168442420
TestFeynmanKac>                 0.01,                   5,  0.9910929504827037,                   1,0.008907049517296262,           168293650
TestFeynmanKac>                 0.01,                   5,  0.9912460679413497,                   1,0.008753932058650271,           168360450
TestFeynmanKac>                 0.01,                   5,  0.9912641926517856,                   1,0.008735807348214442,           168346240
TestFeynmanKac>                 0.01,                   5,   0.991435398709079,                   1,0.008564601290920959,           168349830
TestFeynmanKac>                 0.01,                   5,  0.9908028445924779,                   1,0.009197155407522084,           168110740
Timings> ---------------------------------------------
Timings>      Timing results for 1 nodes:
Timings> ---------------------------------------------
Timings> allTimer............ Wall tot =    3.01997
Timings> 
Timings> WosTimer2........... Wall max =   0.094635
Timings>                      Wall avg =   0.094635
Timings>                      Wall min =   0.094635
Timings> 
Timings> WosTimer3........... Wall max =     0.3487
Timings>                      Wall avg =     0.3487
Timings>                      Wall min =     0.3487
Timings> 
Timings> WosTimer4........... Wall max =   0.912971
Timings>                      Wall avg =   0.912971
Timings>                      Wall min =   0.912971
Timings> 
Timings> WosTimer5........... Wall max =     1.6414
Timings>                      Wall avg =     1.6414
Timings>                      Wall min =     1.6414
Timings> 
Timings> ---------------------------------------------
Warning: Option '4' is not parsed by Ippl.
Warning: Option '1000000' is not parsed by Ippl.
Warning: Option '0.001' is not parsed by Ippl.
Warning: Option '0.1' is not parsed by Ippl.
Warning: Option '16' is not parsed by Ippl.
Warning: Option 'convergenceTest' is not parsed by Ippl.
Warning: Option '0' is not parsed by Ippl.
TestFeynmanKac> Test FeynmanKac, grid = 4 N samples = 1000000 delta0 = 0.001 epsilon = 0.1 test type = convergenceTest testPosition = ( 0.5 , 0.5 , 0.5 , 0.5 , 0.5 )
TestFeynmanKac> WoS Convergence test
TestFeynmanKac>               delta,          Dimension,         WoS result,       exact result,               error               Work,
TestFeynmanKac>                0.001,                   2,  0.9995038130765681,                   1,0.0004961869234318961,            31024696
TestFeynmanKac>                0.001,                   2,  0.9986021684432715,                   1,0.001397831556728457,            30997540
TestFeynmanKac>                0.001,                   2,   0.999078410566091,                   1,0.0009215894339089648,            31019716
TestFeynmanKac>                0.001,                   2,  0.9986774634709306,                   1, 0.00132253652906944,            31024988
TestFeynmanKac>                0.001,                   2,  0.9984584870397629,                   1,0.001541512960237079,            31044504
TestFeynmanKac>                0.001,                   2,  0.9992907361559245,                   1,0.0007092638440755472,            31078160
TestFeynmanKac>                0.001,                   2,   0.999224550181946,                   1,0.000775449818053997,            31026096
TestFeynmanKac>                0.001,                   2,  0.9984883668607822,                   1,0.001511633139217761,            30993692
TestFeynmanKac>                0.001,                   2,  0.9985885392777188,                   1,0.001411460722281155,            31049016
TestFeynmanKac>                0.001,                   2,   0.999266656689944,                   1,0.0007333433100560338,            31048636
TestFeynmanKac>                0.001,                   2,  0.9991217402185147,                   1,0.0008782597814852577,            31013832
TestFeynmanKac>                0.001,                   2,  0.9990600589925799,                   1,0.0009399410074201198,            31044912
TestFeynmanKac>                0.001,                   2,  0.9985591129314657,                   1,0.001440887068534291,            31007288
TestFeynmanKac>                0.001,                   2,  0.9984100288128124,                   1,0.001589971187187622,            31011924
TestFeynmanKac>                0.001,                   2,  0.9999120218486199,                   1,8.797815138006371e-05,            31065468
TestFeynmanKac>                0.001,                   2,   1.000022798569576,                   1,2.279856957554394e-05,            31037680
TestFeynmanKac>                0.001,                   2,   0.999795915233323,                   1,0.0002040847666769929,            31042604
TestFeynmanKac>                0.001,                   2,  0.9995074620351492,                   1,0.0004925379648508255,            31007116
TestFeynmanKac>                0.001,                   2,  0.9993950037661697,                   1,0.0006049962338302572,            31080992
TestFeynmanKac>                0.001,                   2,  0.9993747928674162,                   1,0.0006252071325838493,            31003684
TestFeynmanKac>               delta,          Dimension,         WoS result,       exact result,               error               Work,
TestFeynmanKac>                0.001,                   3,  0.9996794477807691,                   1,0.0003205522192308852,            95781456
TestFeynmanKac>                0.001,                   3,  0.9988673168194017,                   1,0.001132683180598337,            95708784
TestFeynmanKac>                0.001,                   3,  0.9985680973835047,                   1,0.001431902616495284,            95721414
TestFeynmanKac>                0.001,                   3,  0.9983054142778804,                   1,0.001694585722119557,            95686974
TestFeynmanKac>                0.001,                   3,  0.9987027102231066,                   1,0.001297289776893362,            95661180
TestFeynmanKac>                0.001,                   3,  0.9995202269160861,                   1,0.0004797730839138925,            95767044
TestFeynmanKac>                0.001,                   3,  0.9994578528639354,                   1,0.0005421471360645969,            95825430
TestFeynmanKac>                0.001,                   3,  0.9987035861644392,                   1,0.001296413835560783,            95725278
TestFeynmanKac>                0.001,                   3,  0.9989974412673408,                   1,0.001002558732659198,            95833914
TestFeynmanKac>                0.001,                   3,  0.9994662060037937,                   1,0.0005337939962063443,            95788356
TestFeynmanKac>                0.001,                   3,  0.9989762396383055,                   1,0.001023760361694492,            95671206
TestFeynmanKac>                0.001,                   3,  0.9989909229713669,                   1,0.001009077028633065,            95693844
TestFeynmanKac>                0.001,                   3,  0.9995658105555989,                   1,0.0004341894444011007,            95813082
TestFeynmanKac>                0.001,                   3,  0.9984308328275315,                   1,0.001569167172468466,            95676492
TestFeynmanKac>                0.001,                   3,  0.9991158773979094,                   1,0.0008841226020905868,            95738682
TestFeynmanKac>                0.001,                   3,   0.999241586014091,                   1,0.0007584139859090344,            95795070
TestFeynmanKac>                0.001,                   3,  0.9987293090424788,                   1,0.001270690957521192,            95789274
TestFeynmanKac>                0.001,                   3,  0.9985776373534726,                   1,0.001422362646527398,            95792160
TestFeynmanKac>                0.001,                   3,   0.999813205805249,                   1,0.0001867941947509832,            95739624
TestFeynmanKac>                0.001,                   3,  0.9990904611714695,                   1,0.0009095388285305095,            95747148
TestFeynmanKac>               delta,          Dimension,         WoS result,       exact result,               error               Work,
TestFeynmanKac>                0.001,                   4,  0.9994696764938017,                   1,0.0005303235061983047,           195324568
TestFeynmanKac>                0.001,                   4,  0.9991063703595245,                   1,0.0008936296404754573,           195391152
TestFeynmanKac>                0.001,                   4,   1.000001670213312,                   1,1.670213312321422e-06,           195360248
TestFeynmanKac>                0.001,                   4,  0.9982846736513616,                   1,0.001715326348638357,           195276776
TestFeynmanKac>                0.001,                   4,  0.9986260977721561,                   1,0.001373902227843948,           195467072
TestFeynmanKac>                0.001,                   4,  0.9987075135451678,                   1,0.001292486454832154,           195198664
TestFeynmanKac>                0.001,                   4,  0.9991902831561187,                   1,0.000809716843881314,           195309152
TestFeynmanKac>                0.001,                   4,  0.9994788043663086,                   1,0.0005211956336913515,           195608064
TestFeynmanKac>                0.001,                   4,  0.9987606730021766,                   1,0.001239326997823365,           195448376
TestFeynmanKac>                0.001,                   4,  0.9981949628310531,                   1,0.001805037168946866,           195315336
TestFeynmanKac>                0.001,                   4,   0.998802035198619,                   1,0.001197964801381013,           195092648
TestFeynmanKac>                0.001,                   4,  0.9986648656587306,                   1,0.001335134341269417,           195178136
TestFeynmanKac>                0.001,                   4,   0.998419847561016,                   1,0.001580152438984017,           195114808
TestFeynmanKac>                0.001,                   4,  0.9994023311095841,                   1,0.0005976688904159033,           195315208
TestFeynmanKac>                0.001,                   4,  0.9989745938671258,                   1,0.001025406132874163,           195333616
TestFeynmanKac>                0.001,                   4,  0.9989137233513232,                   1,0.001086276648676776,           195158968
TestFeynmanKac>                0.001,                   4,  0.9977476135273957,                   1,0.002252386472604284,           195004224
TestFeynmanKac>                0.001,                   4,  0.9990769616982957,                   1,0.0009230383017042598,           195297008
TestFeynmanKac>                0.001,                   4,  0.9989435773683469,                   1,0.001056422631653064,           195337224
TestFeynmanKac>                0.001,                   4,    0.99902860776839,                   1,0.0009713922316100243,           195410016
TestFeynmanKac>               delta,          Dimension,         WoS result,       exact result,               error               Work,
TestFeynmanKac>                0.001,                   5,  0.9988780557498335,                   1, 0.00112194425016654,           328531440
TestFeynmanKac>                0.001,                   5,  0.9988967795563333,                   1, 0.00110322044366673,           328557650
TestFeynmanKac>                0.001,                   5,  0.9987623778147584,                   1,0.001237622185241594,           328613580
TestFeynmanKac>                0.001,                   5,  0.9993745851099599,                   1,0.000625414890040088,           328661260
TestFeynmanKac>                0.001,                   5,  0.9999014293246004,                   1,9.857067539964515e-05,           329006490
TestFeynmanKac>                0.001,                   5,  0.9987324378264921,                   1,0.001267562173507875,           328530700
TestFeynmanKac>                0.001,                   5,  0.9991426203281446,                   1,0.0008573796718553961,           328745100
TestFeynmanKac>                0.001,                   5,  0.9989089064387202,                   1,0.001091093561279788,           328394610
TestFeynmanKac>                0.001,                   5,  0.9985272493989147,                   1,0.001472750601085315,           328347720
TestFeynmanKac>                0.001,                   5,  0.9992144121364129,                   1,0.0007855878635870672,           328688120
TestFeynmanKac>                0.001,                   5,  0.9986741787858525,                   1,0.001325821214147482,           328368940
TestFeynmanKac>                0.001,                   5,  0.9994530212981401,                   1,0.0005469787018599348,           328788410
TestFeynmanKac>                0.001,                   5,  0.9984684328003015,                   1,0.001531567199698491,           328861080
TestFeynmanKac>                0.001,                   5,  0.9987658568016069,                   1,0.001234143198393101,           328560060
TestFeynmanKac>                0.001,                   5,  0.9994712931562137,                   1,0.000528706843786253,           328596260
TestFeynmanKac>                0.001,                   5,  0.9992736469281911,                   1,0.0007263530718089051,           328553990
TestFeynmanKac>                0.001,                   5,  0.9991999775785207,                   1,0.0008000224214792517,           328683890
TestFeynmanKac>                0.001,                   5,  0.9990400305733518,                   1,0.0009599694266482217,           328886290
TestFeynmanKac>                0.001,                   5,  0.9991336548808647,                   1,0.0008663451191353033,           328581160
TestFeynmanKac>                0.001,                   5,  0.9990241838471616,                   1,0.0009758161528383713,           328737250
Timings> ---------------------------------------------
Timings>      Timing results for 1 nodes:
Timings> ---------------------------------------------
Timings> allTimer............ Wall tot =    5.27711
Timings> 
Timings> WosTimer2........... Wall max =   0.138436
Timings>                      Wall avg =   0.138436
Timings>                      Wall min =   0.138436
Timings> 
Timings> WosTimer3........... Wall max =   0.590503
Timings>                      Wall avg =   0.590503
Timings>                      Wall min =   0.590503
Timings> 
Timings> WosTimer4........... Wall max =    1.58832
Timings>                      Wall avg =    1.58832
Timings>                      Wall min =    1.58832
Timings> 
Timings> WosTimer5........... Wall max =    2.93779
Timings>                      Wall avg =    2.93779
Timings>                      Wall min =    2.93779
Timings> 
Timings> ---------------------------------------------
Warning: Option '4' is not parsed by Ippl.
Warning: Option '1000000' is not parsed by Ippl.
Warning: Option '0.0001' is not parsed by Ippl.
Warning: Option '0.1' is not parsed by Ippl.
Warning: Option '16' is not parsed by Ippl.
Warning: Option 'convergenceTest' is not parsed by Ippl.
Warning: Option '0' is not parsed by Ippl.
TestFeynmanKac> Test FeynmanKac, grid = 4 N samples = 1000000 delta0 = 0.0001 epsilon = 0.1 test type = convergenceTest testPosition = ( 0.5 , 0.5 , 0.5 , 0.5 , 0.5 )
TestFeynmanKac> WoS Convergence test
TestFeynmanKac>               delta,          Dimension,         WoS result,       exact result,               error               Work,
TestFeynmanKac>               0.0001,                   2,   1.000177405133092,                   1,0.0001774051330920567,            44260536
TestFeynmanKac>               0.0001,                   2,   1.000196336051139,                   1,0.0001963360511394452,            44305980
TestFeynmanKac>               0.0001,                   2,  0.9996612435646269,                   1,0.0003387564353730665,            44304372
TestFeynmanKac>               0.0001,                   2,   1.000510915910479,                   1,0.0005109159104790262,            44324872
TestFeynmanKac>               0.0001,                   2,  0.9994651884845908,                   1,0.0005348115154092392,            44320964
TestFeynmanKac>               0.0001,                   2,  0.9986649839372478,                   1,0.001335016062752215,            44305228
TestFeynmanKac>               0.0001,                   2,  0.9999861495094322,                   1,1.385049056779053e-05,            44266988
TestFeynmanKac>               0.0001,                   2,   1.000095149551481,                   1,9.514955148115511e-05,            44332428
TestFeynmanKac>               0.0001,                   2,   1.000079613423983,                   1,7.961342398310478e-05,            44340560
TestFeynmanKac>               0.0001,                   2,  0.9996274813246118,                   1,0.0003725186753882337,            44252976
TestFeynmanKac>               0.0001,                   2,   1.000447628267106,                   1,0.0004476282671064258,            44350816
TestFeynmanKac>               0.0001,                   2,  0.9999852478824311,                   1,1.475211756885031e-05,            44269636
TestFeynmanKac>               0.0001,                   2,  0.9998254417768743,                   1,0.0001745582231257314,            44234476
TestFeynmanKac>               0.0001,                   2,   1.000988743180134,                   1,0.0009887431801340885,            44359496
TestFeynmanKac>               0.0001,                   2,    1.00037178847083,                   1,0.0003717884708303032,            44345608
TestFeynmanKac>               0.0001,                   2,  0.9995362991881462,                   1,0.0004637008118537622,            44326648
TestFeynmanKac>               0.0001,                   2,   1.000012234488866,                   1,1.223448886600309e-05,            44244768
TestFeynmanKac>               0.0001,                   2,    1.00015078219821,                   1,0.0001507821982096313,            44282140
TestFeynmanKac>               0.0001,                   2,   1.000091334459477,                   1,9.133445947684393e-05,            44329880
TestFeynmanKac>               0.0001,                   2,   1.000261556984043,                   1,0.0002615569840425103,            44378228
TestFeynmanKac>               delta,          Dimension,         WoS result,       exact result,               error               Work,
TestFeynmanKac>               0.0001,                   3,   1.000780925997021,                   1,0.0007809259970208426,           140868498
TestFeynmanKac>               0.0001,                   3,  0.9993154057092075,                   1,0.000684594290792484,           140695992
TestFeynmanKac>               0.0001,                   3,  0.9994084394873771,                   1,0.0005915605126228796,           140723652
TestFeynmanKac>               0.0001,                   3,  0.9998014641983709,                   1,0.0001985358016290961,           140705556
TestFeynmanKac>               0.0001,                   3,  0.9996399061936586,                   1,0.0003600938063413883,           140648508
TestFeynmanKac>               0.0001,                   3,  0.9998596748029903,                   1,0.000140325197009683,           140729646
TestFeynmanKac>               0.0001,                   3,  0.9999297786778826,                   1,7.022132211742527e-05,           140645808
TestFeynmanKac>               0.0001,                   3,  0.9994245129058075,                   1,0.0005754870941925283,           140618010
TestFeynmanKac>               0.0001,                   3,   1.000032230066032,                   1,3.223006603181311e-05,           140740026
TestFeynmanKac>               0.0001,                   3,  0.9998535289196177,                   1,0.0001464710803823488,           140665608
TestFeynmanKac>               0.0001,                   3,  0.9997630096969347,                   1,0.0002369903030653431,           140702184
TestFeynmanKac>               0.0001,                   3,  0.9998360002635988,                   1,0.0001639997364012435,           140578266
TestFeynmanKac>               0.0001,                   3,   1.000606984007068,                   1,0.0006069840070677124,           140755500
TestFeynmanKac>               0.0001,                   3,  0.9997553176585501,                   1, 0.00024468234144992,           140666340
TestFeynmanKac>               0.0001,                   3,   1.000241422603517,                   1,0.0002414226035172273,           140713698
TestFeynmanKac>               0.0001,                   3,  0.9998524385620849,                   1,0.0001475614379150558,           140676876
TestFeynmanKac>               0.0001,                   3,  0.9996361425665911,                   1,0.0003638574334089428,           140792388
TestFeynmanKac>               0.0001,                   3,  0.9994959330412911,                   1,0.0005040669587088598,           140752020
TestFeynmanKac>               0.0001,                   3,  0.9994771150665364,                   1,0.000522884933463641,           140847738
TestFeynmanKac>               0.0001,                   3,  0.9994708935151516,                   1,0.0005291064848483851,           140813694
TestFeynmanKac>               delta,          Dimension,         WoS result,       exact result,               error               Work,
TestFeynmanKac>               0.0001,                   4,   1.000075933219368,                   1,7.593321936782971e-05,           290432376
TestFeynmanKac>               0.0001,                   4,  0.9996606741874816,                   1,0.0003393258125183873,           290349896
TestFeynmanKac>               0.0001,                   4,   1.000471514715822,                   1,0.0004715147158220745,           290280080
TestFeynmanKac>               0.0001,                   4,  0.9992872643888076,                   1,0.0007127356111924499,           290654616
TestFeynmanKac>               0.0001,                   4,  0.9999972526610129,                   1,2.74733898708579e-06,           290380744
TestFeynmanKac>               0.0001,                   4,  0.9986826378608128,                   1,0.001317362139187206,           290475736
TestFeynmanKac>               0.0001,                   4,   1.000522378454118,                   1,0.0005223784541175114,           290311808
TestFeynmanKac>               0.0001,                   4,  0.9999648723984994,                   1,3.512760150059524e-05,           290436096
TestFeynmanKac>               0.0001,                   4,  0.9997269313586816,                   1,0.0002730686413183747,           290315080
TestFeynmanKac>               0.0001,                   4,   1.000505273187148,                   1,0.0005052731871482141,           290457248
TestFeynmanKac>               0.0001,                   4,  0.9992089609795984,                   1,0.0007910390204015627,           290539360
TestFeynmanKac>               0.0001,                   4,   1.000320156532834,                   1,0.0003201565328343481,           290378144
TestFeynmanKac>               0.0001,                   4,   0.999198545348493,                   1,0.0008014546515070498,           290358368
TestFeynmanKac>               0.0001,                   4,   1.000339013256674,                   1,0.0003390132566742921,           290456888
TestFeynmanKac>               0.0001,                   4,   1.000114398041372,                   1,0.0001143980413715884,           290645064
TestFeynmanKac>               0.0001,                   4,   1.000351797817258,                   1,0.0003517978172580261,           290615408
TestFeynmanKac>               0.0001,                   4,  0.9998270307320369,                   1,0.0001729692679630634,           290526872
TestFeynmanKac>               0.0001,                   4,   0.999927493015814,                   1,7.250698418603818e-05,           290729448
TestFeynmanKac>               0.0001,                   4,     1.0002927413565,                   1,0.0002927413564999259,           290510936
TestFeynmanKac>               0.0001,                   4,   1.000174629532435,                   1,0.0001746295324345226,           290264752
TestFeynmanKac>               delta,          Dimension,         WoS result,       exact result,               error               Work,
TestFeynmanKac>               0.0001,                   5,  0.9998442035109003,                   1,0.000155796489099691,           492356830
TestFeynmanKac>               0.0001,                   5,  0.9997654199655612,                   1,0.0002345800344387694,           492445880
TestFeynmanKac>               0.0001,                   5,   1.000265314885846,                   1,0.0002653148858464682,           492238860
TestFeynmanKac>               0.0001,                   5,   1.000474754325674,                   1,0.0004747543256740094,           492990070
TestFeynmanKac>               0.0001,                   5,   1.000274742325105,                   1,0.0002747423251046044,           492449080
TestFeynmanKac>               0.0001,                   5,   1.000520857605429,                   1,0.0005208576054294145,           492586120
TestFeynmanKac>               0.0001,                   5,   1.000250614877849,                   1,0.0002506148778487205,           492724530
TestFeynmanKac>               0.0001,                   5,   1.000724709908423,                   1,0.0007247099084233266,           492439110
TestFeynmanKac>               0.0001,                   5,   1.000082014599134,                   1,8.201459913359521e-05,           492929430
TestFeynmanKac>               0.0001,                   5,  0.9999036791990628,                   1,9.632080093724404e-05,           492447530
TestFeynmanKac>               0.0001,                   5,   1.000009532899453,                   1,9.532899453157384e-06,           492456850
TestFeynmanKac>               0.0001,                   5,  0.9993471596584413,                   1,0.0006528403415586581,           492197470
TestFeynmanKac>               0.0001,                   5,  0.9995247383196475,                   1,0.0004752616803525012,           492522630
TestFeynmanKac>               0.0001,                   5,  0.9996252231716055,                   1,0.0003747768283944852,           492748350
TestFeynmanKac>               0.0001,                   5,  0.9998015236754334,                   1,0.0001984763245665988,           492519980
TestFeynmanKac>               0.0001,                   5,   1.000160600226963,                   1,0.0001606002269625151,           492401770
TestFeynmanKac>               0.0001,                   5,  0.9998423432386284,                   1,0.0001576567613715829,           492387470
TestFeynmanKac>               0.0001,                   5,    1.00001472610398,                   1,1.472610398001173e-05,           492760670
TestFeynmanKac>               0.0001,                   5,  0.9993612986990295,                   1,0.0006387013009705456,           492185730
TestFeynmanKac>               0.0001,                   5,   1.000777430384945,                   1,0.0007774303849445996,           492641910
Timings> ---------------------------------------------
Timings>      Timing results for 1 nodes:
Timings> ---------------------------------------------
Timings> allTimer............ Wall tot =    7.23164
Timings> 
Timings> WosTimer2........... Wall max =   0.174216
Timings>                      Wall avg =   0.174216
Timings>                      Wall min =   0.174216
Timings> 
Timings> WosTimer3........... Wall max =   0.774628
Timings>                      Wall avg =   0.774628
Timings>                      Wall min =   0.774628
Timings> 
Timings> WosTimer4........... Wall max =    2.17267
Timings>                      Wall avg =    2.17267
Timings>                      Wall min =    2.17267
Timings> 
Timings> WosTimer5........... Wall max =    4.08827
Timings>                      Wall avg =    4.08827
Timings>                      Wall min =    4.08827
Timings> 
Timings> ---------------------------------------------
Warning: Option '4' is not parsed by Ippl.
Warning: Option '1000000' is not parsed by Ippl.
Warning: Option '0.00001' is not parsed by Ippl.
Warning: Option '0.1' is not parsed by Ippl.
Warning: Option '16' is not parsed by Ippl.
Warning: Option 'convergenceTest' is not parsed by Ippl.
Warning: Option '0' is not parsed by Ippl.
TestFeynmanKac> Test FeynmanKac, grid = 4 N samples = 1000000 delta0 = 1e-05 epsilon = 0.1 test type = convergenceTest testPosition = ( 0.5 , 0.5 , 0.5 , 0.5 , 0.5 )
TestFeynmanKac> WoS Convergence test
TestFeynmanKac>               delta,          Dimension,         WoS result,       exact result,               error               Work,
TestFeynmanKac>                1e-05,                   2,  0.9997502915671658,                   1,0.0002497084328342281,            57613256
TestFeynmanKac>                1e-05,                   2,  0.9996018333779961,                   1,0.0003981666220038704,            57616912
TestFeynmanKac>                1e-05,                   2,  0.9998269645219902,                   1,0.000173035478009842,            57597800
TestFeynmanKac>                1e-05,                   2,   1.000009870055496,                   1,9.870055495575514e-06,            57610988
TestFeynmanKac>                1e-05,                   2,  0.9999878265447601,                   1,1.217345523985003e-05,            57634480
TestFeynmanKac>                1e-05,                   2,   1.000924516983227,                   1,0.0009245169832265976,            57614384
TestFeynmanKac>                1e-05,                   2,  0.9999170322843297,                   1,8.296771567029015e-05,            57644168
TestFeynmanKac>                1e-05,                   2,   1.000304743011327,                   1,0.0003047430113269911,            57561416
TestFeynmanKac>                1e-05,                   2,  0.9999948322119117,                   1,5.167788088344949e-06,            57566684
TestFeynmanKac>                1e-05,                   2,  0.9997571873436429,                   1,0.000242812656357061,            57607484
TestFeynmanKac>                1e-05,                   2,  0.9995522752947241,                   1,0.0004477247052758759,            57628648
TestFeynmanKac>                1e-05,                   2,   1.000080711190201,                   1,8.071119020081063e-05,            57582108
TestFeynmanKac>                1e-05,                   2,   1.000166336466274,                   1,0.0001663364662742861,            57591424
TestFeynmanKac>                1e-05,                   2,  0.9993756675748579,                   1,0.0006243324251421489,            57554976
TestFeynmanKac>                1e-05,                   2,   1.000083820438665,                   1,8.382043866461686e-05,            57595608
TestFeynmanKac>                1e-05,                   2,   1.000172669638255,                   1,0.0001726696382551296,            57655432
TestFeynmanKac>                1e-05,                   2,   1.000055482222739,                   1,5.548222273898951e-05,            57648084
TestFeynmanKac>                1e-05,                   2,  0.9994256976306944,                   1,0.0005743023693055571,            57560444
TestFeynmanKac>                1e-05,                   2,   1.000212022748304,                   1,0.0002120227483040082,            57596008
TestFeynmanKac>                1e-05,                   2,  0.9996210272516319,                   1,0.0003789727483680672,            57590696
TestFeynmanKac>               delta,          Dimension,         WoS result,       exact result,               error               Work,
TestFeynmanKac>                1e-05,                   3,   1.000061797425966,                   1,6.17974259655707e-05,           185740044
TestFeynmanKac>                1e-05,                   3,  0.9995765965211627,                   1,0.000423403478837292,           185697456
TestFeynmanKac>                1e-05,                   3,  0.9999963922717825,                   1,3.607728217502881e-06,           185651082
TestFeynmanKac>                1e-05,                   3,   1.000444720864497,                   1,0.0004447208644970946,           185659182
TestFeynmanKac>                1e-05,                   3,   0.999604863223519,                   1,0.0003951367764809532,           185708640
TestFeynmanKac>                1e-05,                   3,   0.999568262733192,                   1,0.0004317372668080077,           185651106
TestFeynmanKac>                1e-05,                   3,  0.9996903617141297,                   1,0.0003096382858702729,           185545770
TestFeynmanKac>                1e-05,                   3,  0.9996008693680533,                   1,0.0003991306319467425,           185615670
TestFeynmanKac>                1e-05,                   3,  0.9993969169317287,                   1,0.0006030830682712818,           185606832
TestFeynmanKac>                1e-05,                   3,  0.9992123577251726,                   1,0.0007876422748274159,           185592468
TestFeynmanKac>                1e-05,                   3,   1.000316143137634,                   1,0.0003161431376335067,           185803704
TestFeynmanKac>                1e-05,                   3,  0.9997993116342228,                   1,0.0002006883657772462,           185776170
TestFeynmanKac>                1e-05,                   3,   1.000670429875173,                   1,0.000670429875172962,           185803320
TestFeynmanKac>                1e-05,                   3,   1.000595640485115,                   1,0.0005956404851152897,           185623482
TestFeynmanKac>                1e-05,                   3,   1.000108937140272,                   1,0.0001089371402722694,           185859102
TestFeynmanKac>                1e-05,                   3,  0.9999175790148921,                   1,8.242098510791163e-05,           185621652
TestFeynmanKac>                1e-05,                   3,  0.9997081432469386,                   1,0.0002918567530614258,           185813334
TestFeynmanKac>                1e-05,                   3,    1.00045184868312,                   1,0.0004518486831197599,           185821914
TestFeynmanKac>                1e-05,                   3,   1.000337083575691,                   1,0.0003370835756906221,           185695392
TestFeynmanKac>                1e-05,                   3,    1.00038526971864,                   1,0.0003852697186401688,           185621838
TestFeynmanKac>               delta,          Dimension,         WoS result,       exact result,               error               Work,
TestFeynmanKac>                1e-05,                   4,   1.000005602487109,                   1,5.602487109346299e-06,           385969280
TestFeynmanKac>                1e-05,                   4,   1.000296750973604,                   1,0.000296750973603821,           385516816
TestFeynmanKac>                1e-05,                   4,   1.000363041481217,                   1,0.000363041481216797,           385762680
TestFeynmanKac>                1e-05,                   4,  0.9999747299030147,                   1,2.527009698527483e-05,           385930096
TestFeynmanKac>                1e-05,                   4,   1.000011503951113,                   1,1.150395111326752e-05,           386055752
TestFeynmanKac>                1e-05,                   4,  0.9999818120672337,                   1,1.818793276631148e-05,           385878592
TestFeynmanKac>                1e-05,                   4,   1.000108226435007,                   1,0.0001082264350069639,           385869216
TestFeynmanKac>                1e-05,                   4,  0.9993885760864026,                   1,0.0006114239135973643,           385578392
TestFeynmanKac>                1e-05,                   4,     1.0000884023908,                   1,8.840239080032397e-05,           385473608
TestFeynmanKac>                1e-05,                   4,  0.9997683346179143,                   1,0.0002316653820857439,           385583696
TestFeynmanKac>                1e-05,                   4,  0.9994176751103444,                   1,0.0005823248896555944,           386097400
TestFeynmanKac>                1e-05,                   4,   1.000094765223039,                   1,9.476522303852875e-05,           385722712
TestFeynmanKac>                1e-05,                   4,   1.000186866501821,                   1,0.0001868665018205373,           385719520
TestFeynmanKac>                1e-05,                   4,  0.9997685661785597,                   1,0.0002314338214403078,           385885888
TestFeynmanKac>                1e-05,                   4,   1.000243095121651,                   1,0.0002430951216509936,           385619288
TestFeynmanKac>                1e-05,                   4,   0.999844110631032,                   1,0.000155889368968043,           385830192
TestFeynmanKac>                1e-05,                   4,  0.9994422187141332,                   1,0.0005577812858668096,           385609432
TestFeynmanKac>                1e-05,                   4,  0.9999217083711301,                   1,7.829162886985319e-05,           385456040
TestFeynmanKac>                1e-05,                   4,   1.000410872426626,                   1,0.0004108724266260744,           385988216
TestFeynmanKac>                1e-05,                   4,    0.99969500313589,                   1,0.0003049968641100076,           386034856
TestFeynmanKac>               delta,          Dimension,         WoS result,       exact result,               error               Work,
TestFeynmanKac>                1e-05,                   5,  0.9999572868215236,                   1,4.271317847637235e-05,           656669850
TestFeynmanKac>                1e-05,                   5,   1.001102092964951,                   1,0.001102092964951007,           657094920
TestFeynmanKac>                1e-05,                   5,  0.9999099250905048,                   1,9.007490949519692e-05,           656674330
TestFeynmanKac>                1e-05,                   5,  0.9999357129662532,                   1,6.428703374683487e-05,           656562030
TestFeynmanKac>                1e-05,                   5,  0.9999566378812258,                   1,4.336211877420393e-05,           655821010
TestFeynmanKac>                1e-05,                   5,   1.000555439159518,                   1,0.0005554391595183894,           657210790
TestFeynmanKac>                1e-05,                   5,   1.000161986003228,                   1,0.0001619860032282538,           656806290
TestFeynmanKac>                1e-05,                   5,  0.9992535661972893,                   1,0.0007464338027106665,           656305640
TestFeynmanKac>                1e-05,                   5,  0.9993170575120486,                   1,0.0006829424879514212,           656734510
TestFeynmanKac>                1e-05,                   5,   1.000731225706287,                   1,0.0007312257062872529,           656580870
TestFeynmanKac>                1e-05,                   5,   1.000293429637821,                   1,0.0002934296378209744,           656741120
TestFeynmanKac>                1e-05,                   5,  0.9995433731996194,                   1,0.0004566268003806107,           656587440
TestFeynmanKac>                1e-05,                   5,  0.9994991826844687,                   1, 0.00050081731553131,           657223870
TestFeynmanKac>                1e-05,                   5,  0.9998916968605481,                   1,0.0001083031394518708,           656485240
TestFeynmanKac>                1e-05,                   5,   1.000125660630128,                   1,0.0001256606301280883,           656344820
TestFeynmanKac>                1e-05,                   5,    1.00012934610829,                   1,0.0001293461082900738,           656562230
TestFeynmanKac>                1e-05,                   5,  0.9996225351489633,                   1,0.0003774648510367351,           656713840
TestFeynmanKac>                1e-05,                   5,   1.000293522600205,                   1,0.0002935226002045432,           656622400
TestFeynmanKac>                1e-05,                   5,  0.9996161017776928,                   1,0.0003838982223072218,           656651580
TestFeynmanKac>                1e-05,                   5,   0.999532289062226,                   1,0.0004677109377739797,           656700240
Timings> ---------------------------------------------
Timings>      Timing results for 1 nodes:
Timings> ---------------------------------------------
Timings> allTimer............ Wall tot =     9.0176
Timings> 
Timings> WosTimer2........... Wall max =   0.204497
Timings>                      Wall avg =   0.204497
Timings>                      Wall min =   0.204497
Timings> 
Timings> WosTimer3........... Wall max =   0.942335
Timings>                      Wall avg =   0.942335
Timings>                      Wall min =   0.942335
Timings> 
Timings> WosTimer4........... Wall max =    2.71252
Timings>                      Wall avg =    2.71252
Timings>                      Wall min =    2.71252
Timings> 
Timings> WosTimer5........... Wall max =    5.13673
Timings>                      Wall avg =    5.13673
Timings>                      Wall min =    5.13673
Timings> 
Timings> ---------------------------------------------
